<?xml version="1.0" encoding="UTF-8"?>
<!-- Generated by org.testng.reporters.JUnitReportReporter -->
<testsuite hostname="IN01L0201000123" failures="0" tests="2" name="com.tendable.testcase.Tendable_TestCase" time="35.669" errors="0" timestamp="2023-09-12T14:02:04 IST" skipped="0">
  <testcase classname="com.tendable.testcase.Tendable_TestCase" name="accessibility" time="18.207"/>
  <system-out/>
  <testcase classname="com.tendable.testcase.Tendable_TestCase" name="contactUs" time="17.462"/>
  <system-out/>
</testsuite> <!-- com.tendable.testcase.Tendable_TestCase -->
